Arguments: 
  /usr/bin/node /usr/share/yarn/bin/yarn.js add /usr/bin/google-chrome

PATH: 
  =/usr/local/sbin:/usr/local/bin:/usr/sbin:/usr/bin:/sbin:/bin:/usr/games:/usr/local/games:/snap/bin:/home/alen/Android/Sdk/emulator:/home/alen/chromeDriver:/home/alen/Android/Sdk/tools:/home/alen/Android/Sdk/tools/bin:/home/alen/Android/Sdk/platform-tools

Yarn version: 
  1.22.5

Node version: 
  12.19.0

Platform: 
  linux x64

Trace: 
  Error: ENOTDIR: not a directory, scandir '/home/alen/.cache/yarn/v6/npm-usr-bin-0.0.0-4a385604-f31b-4622-8ffd-559a484fd31a-1617348347793/node_modules/usr/bin'

npm manifest: 
  {
    "name": "bot-flashsale",
    "version": "1.0.0",
    "main": "index.js",
    "license": "MIT"
  }

yarn manifest: 
  No manifest

Lockfile: 
  No lockfile
